This is pdfTeX, Version 3.1415926-2.4-1.40.13 (TeX Live 2012) (format=pdflatex 2012.6.30)  24 JUL 2013 14:00
entering extended mode
 restricted \write18 enabled.
 file:line:error style messages enabled.
 %&-line parsing enabled.
**nef_3.tex
(./nef_3.tex
LaTeX2e <2011/06/27>
Babel <v3.8m> and hyphenation patterns for english, dumylang, nohyphenation, ge
rman-x-2012-05-30, ngerman-x-2012-05-30, afrikaans, ancientgreek, ibycus, arabi
c, armenian, basque, bulgarian, catalan, pinyin, coptic, croatian, czech, danis
h, dutch, ukenglish, usenglishmax, esperanto, estonian, ethiopic, farsi, finnis
h, french, friulan, galician, german, ngerman, swissgerman, monogreek, greek, h
ungarian, icelandic, assamese, bengali, gujarati, hindi, kannada, malayalam, ma
rathi, oriya, panjabi, tamil, telugu, indonesian, interlingua, irish, italian, 
kurmanji, latin, latvian, lithuanian, mongolian, mongolianlmc, bokmal, nynorsk,
 polish, portuguese, romanian, romansh, russian, sanskrit, serbian, serbianc, s
lovak, slovenian, spanish, swedish, turkish, turkmen, ukrainian, uppersorbian, 
welsh, loaded.
(/usr/local/texlive/2012/texmf-dist/tex/latex/revtex4/revtex4.cls
Document Class: revtex4 2001/08/02 v4.0 (http://publish.aps.org/revtex4/ for do
cumentation)
 Copyright (c) 2001 The American Physical Society.
 mailto:revtex@aps.org
 Licensed under the LPPL:
http://www.ctan.org/tex-archive/macros/latex/base/lppl.txt
 Arthur Ogawa <ogawa@teleport.com>
 Based on work by David Carlisle <david@dcarlisle.demon.co.uk>.
ltxutil: portions licensed from W. E. Baxter (web@superscript.com)
Class revtex4 Info: Repairing broken LateX \@sect on input line 596.
\intertabularlinepenalty=\count79
\@tbpen=\count80
\@arstrutbox@hline=\box26
Class revtex4 Info: Repairing broken LaTeX \@xbitor on input line 1610.
ltxgrid: portions licensed from W. E. Baxter (web@superscript.com)
\c@linecount=\count81
\output=\toks14
\@protection@box=\box27
\@topmark@saved=\toks15
\footins@saved=\box28
\pagesofar=\box29
\footbox=\box30
\pagegrid@col=\count82
Class revtex4 Info: Incorporating package {textcase}  [1998/11/12 v0.06 Text on
ly upper/lower case changing (DPC)]. on input line 3682.
(/usr/local/texlive/2012/texmf-dist/tex/latex/url/url.sty
\Urlmuskip=\muskip10
Package: url 2006/04/12  ver 3.3  Verb mode for urls, etc.
)
\c@affil=\count83
\absbox=\box31
\c@part=\count84
\c@section=\count85
\c@subsection=\count86
\c@subsubsection=\count87
\c@paragraph=\count88
\c@subparagraph=\count89
\abovecaptionskip=\skip41
\belowcaptionskip=\skip42
\c@figure=\count90
\c@table=\count91

(/usr/local/texlive/2012/texmf-dist/tex/latex/natbib/natbib.sty
Package: natbib 2010/09/13 8.31b (PWD, AO)
\bibhang=\skip43
\bibsep=\skip44
LaTeX Info: Redefining \cite on input line 694.
\c@NAT@ctr=\count92
)
\widetext@top=\box32
\widetext@bot=\box33

(/usr/local/texlive/2012/texmf-dist/tex/latex/revtex4/revsymb.sty
Package: revsymb 2001/08/02 v4.0 (http://publish.aps.org/revtex4/ for documenta
tion)
LaTeX Info: Redefining \REV@mathfrak on input line 118.
))
(/usr/local/texlive/2012/texmf-dist/tex/latex/revtex4/aps.rtx
File: aps.rtx 2001/08/02 v4.0 (http://publish.aps.org/revtex4/ for documentatio
n)
)
(/usr/local/texlive/2012/texmf-dist/tex/latex/revtex4/10pt.rtx
File: 10pt.rtx 2001/08/02 v4.0 (http://publish.aps.org/revtex4/ for documentati
on)
)
(/usr/local/texlive/2012/texmf-dist/tex/latex/base/ifthen.sty
Package: ifthen 2001/05/26 v1.1c Standard LaTeX ifthen package (DPC)
)
(/usr/local/texlive/2012/texmf-dist/tex/generic/oberdiek/ifpdf.sty
Package: ifpdf 2011/01/30 v2.3 Provides the ifpdf switch (HO)
Package ifpdf Info: pdfTeX in PDF mode is detected.
)
(/usr/local/texlive/2012/texmf-dist/tex/latex/graphics/color.sty
Package: color 2005/11/14 v1.0j Standard LaTeX Color (DPC)

(/usr/local/texlive/2012/texmf-dist/tex/latex/latexconfig/color.cfg
File: color.cfg 2007/01/18 v1.5 color configuration of teTeX/TeXLive
)
Package color Info: Driver file: pdftex.def on input line 130.

(/usr/local/texlive/2012/texmf-dist/tex/latex/pdftex-def/pdftex.def
File: pdftex.def 2011/05/27 v0.06d Graphics/color for pdfTeX

(/usr/local/texlive/2012/texmf-dist/tex/generic/oberdiek/infwarerr.sty
Package: infwarerr 2010/04/08 v1.3 Providing info/warning/error messages (HO)
)
(/usr/local/texlive/2012/texmf-dist/tex/generic/oberdiek/ltxcmds.sty
Package: ltxcmds 2011/11/09 v1.22 LaTeX kernel commands for general use (HO)
)
\Gread@gobject=\count93
))
(/usr/local/texlive/2012/texmf-dist/tex/latex/graphics/graphicx.sty
Package: graphicx 1999/02/16 v1.0f Enhanced LaTeX Graphics (DPC,SPQR)

(/usr/local/texlive/2012/texmf-dist/tex/latex/graphics/keyval.sty
Package: keyval 1999/03/16 v1.13 key=value parser (DPC)
\KV@toks@=\toks16
)
(/usr/local/texlive/2012/texmf-dist/tex/latex/graphics/graphics.sty
Package: graphics 2009/02/05 v1.0o Standard LaTeX Graphics (DPC,SPQR)

(/usr/local/texlive/2012/texmf-dist/tex/latex/graphics/trig.sty
Package: trig 1999/03/16 v1.09 sin cos tan (DPC)
)
(/usr/local/texlive/2012/texmf-dist/tex/latex/latexconfig/graphics.cfg
File: graphics.cfg 2010/04/23 v1.9 graphics configuration of TeX Live
)
Package graphics Info: Driver file: pdftex.def on input line 91.
)
\Gin@req@height=\dimen102
\Gin@req@width=\dimen103
)
(/usr/local/texlive/2012/texmf-dist/tex/latex/oberdiek/epstopdf.sty
Package: epstopdf 2010/02/09 v2.5 Conversion with epstopdf on the fly (HO)

(/usr/local/texlive/2012/texmf-dist/tex/latex/oberdiek/epstopdf-base.sty
Package: epstopdf-base 2010/02/09 v2.5 Base part for package epstopdf

(/usr/local/texlive/2012/texmf-dist/tex/latex/oberdiek/grfext.sty
Package: grfext 2010/08/19 v1.1 Manage graphics extensions (HO)

(/usr/local/texlive/2012/texmf-dist/tex/generic/oberdiek/kvdefinekeys.sty
Package: kvdefinekeys 2011/04/07 v1.3 Define keys (HO)
))
(/usr/local/texlive/2012/texmf-dist/tex/latex/oberdiek/kvoptions.sty
Package: kvoptions 2011/06/30 v3.11 Key value format for package options (HO)

(/usr/local/texlive/2012/texmf-dist/tex/generic/oberdiek/kvsetkeys.sty
Package: kvsetkeys 2012/04/25 v1.16 Key value parser (HO)

(/usr/local/texlive/2012/texmf-dist/tex/generic/oberdiek/etexcmds.sty
Package: etexcmds 2011/02/16 v1.5 Avoid name clashes with e-TeX commands (HO)

(/usr/local/texlive/2012/texmf-dist/tex/generic/oberdiek/ifluatex.sty
Package: ifluatex 2010/03/01 v1.3 Provides the ifluatex switch (HO)
Package ifluatex Info: LuaTeX not detected.
)
Package etexcmds Info: Could not find \expanded.
(etexcmds)             That can mean that you are not using pdfTeX 1.50 or
(etexcmds)             that some package has redefined \expanded.
(etexcmds)             In the latter case, load this package earlier.
)))
(/usr/local/texlive/2012/texmf-dist/tex/generic/oberdiek/pdftexcmds.sty
Package: pdftexcmds 2011/11/29 v0.20 Utility functions of pdfTeX for LuaTeX (HO
)
Package pdftexcmds Info: LuaTeX not detected.
Package pdftexcmds Info: \pdf@primitive is available.
Package pdftexcmds Info: \pdf@ifprimitive is available.
Package pdftexcmds Info: \pdfdraftmode found.
)
Package grfext Info: Graphics extension search list:
(grfext)             [.png,.pdf,.jpg,.mps,.jpeg,.jbig2,.jb2,.PNG,.PDF,.JPG,.JPE
G,.JBIG2,.JB2,.eps]
(grfext)             \AppendGraphicsExtensions on input line 452.

(/usr/local/texlive/2012/texmf-dist/tex/latex/latexconfig/epstopdf-sys.cfg
File: epstopdf-sys.cfg 2010/07/13 v1.3 Configuration of (r)epstopdf for TeX Liv
e
)))
(/usr/local/texlive/2012/texmf-dist/tex/latex/base/latexsym.sty
Package: latexsym 1998/08/17 v2.2e Standard LaTeX package (lasy symbols)
\symlasy=\mathgroup4
LaTeX Font Info:    Overwriting symbol font `lasy' in version `bold'
(Font)                  U/lasy/m/n --> U/lasy/b/n on input line 47.
)
(/usr/local/texlive/2012/texmf-dist/tex/latex/amsmath/amsmath.sty
Package: amsmath 2000/07/18 v2.13 AMS math features
\@mathmargin=\skip45

For additional information on amsmath, use the `?' option.
(/usr/local/texlive/2012/texmf-dist/tex/latex/amsmath/amstext.sty
Package: amstext 2000/06/29 v2.01

(/usr/local/texlive/2012/texmf-dist/tex/latex/amsmath/amsgen.sty
File: amsgen.sty 1999/11/30 v2.0
\@emptytoks=\toks17
\ex@=\dimen104
))
(/usr/local/texlive/2012/texmf-dist/tex/latex/amsmath/amsbsy.sty
Package: amsbsy 1999/11/29 v1.2d
\pmbraise@=\dimen105
)
(/usr/local/texlive/2012/texmf-dist/tex/latex/amsmath/amsopn.sty
Package: amsopn 1999/12/14 v2.01 operator names
)
\inf@bad=\count94
LaTeX Info: Redefining \frac on input line 211.
\uproot@=\count95
\leftroot@=\count96
LaTeX Info: Redefining \overline on input line 307.
\classnum@=\count97
\DOTSCASE@=\count98
LaTeX Info: Redefining \ldots on input line 379.
LaTeX Info: Redefining \dots on input line 382.
LaTeX Info: Redefining \cdots on input line 467.
\Mathstrutbox@=\box34
\strutbox@=\box35
\big@size=\dimen106
LaTeX Font Info:    Redeclaring font encoding OML on input line 567.
LaTeX Font Info:    Redeclaring font encoding OMS on input line 568.
\macc@depth=\count99
\c@MaxMatrixCols=\count100
\dotsspace@=\muskip11
\c@parentequation=\count101
\dspbrk@lvl=\count102
\tag@help=\toks18
\row@=\count103
\column@=\count104
\maxfields@=\count105
\andhelp@=\toks19
\eqnshift@=\dimen107
\alignsep@=\dimen108
\tagshift@=\dimen109
\tagwidth@=\dimen110
\totwidth@=\dimen111
\lineht@=\dimen112
\@envbody=\toks20
\multlinegap=\skip46
\multlinetaggap=\skip47
\mathdisplay@stack=\toks21
LaTeX Info: Redefining \[ on input line 2666.
LaTeX Info: Redefining \] on input line 2667.
)
(/usr/local/texlive/2012/texmf-dist/tex/latex/amsfonts/amssymb.sty
Package: amssymb 2009/06/22 v3.00

(/usr/local/texlive/2012/texmf-dist/tex/latex/amsfonts/amsfonts.sty
Package: amsfonts 2009/06/22 v3.00 Basic AMSFonts support
\symAMSa=\mathgroup5
\symAMSb=\mathgroup6
LaTeX Font Info:    Overwriting math alphabet `\mathfrak' in version `bold'
(Font)                  U/euf/m/n --> U/euf/b/n on input line 96.
LaTeX Info: Redefining \frak on input line 99.
LaTeX Info: Redefining \Bbb on input line 101.
))
(/usr/local/texlive/2012/texmf-dist/tex/latex/tools/bm.sty
Package: bm 2004/02/26 v1.1c Bold Symbol Support (DPC/FMi)
\symboldoperators=\mathgroup7
\symboldletters=\mathgroup8
\symboldsymbols=\mathgroup9
\symboldlasy=\mathgroup10
LaTeX Font Info:    Redeclaring math alphabet \mathbf on input line 138.
LaTeX Info: Redefining \bm on input line 204.
)
(/usr/local/texlive/2012/texmf-dist/tex/latex/wasysym/wasysym.sty
Package: wasysym 2003/10/30 v2.0 Wasy-2 symbol support package
\symwasy=\mathgroup11
LaTeX Font Info:    Overwriting symbol font `wasy' in version `bold'
(Font)                  U/wasy/m/n --> U/wasy/b/n on input line 90.
) (./nef_3.aux)
\openout1 = `nef_3.aux'.

LaTeX Font Info:    Checking defaults for OML/cmm/m/it on input line 102.
LaTeX Font Info:    ... okay on input line 102.
LaTeX Font Info:    Checking defaults for T1/cmr/m/n on input line 102.
LaTeX Font Info:    ... okay on input line 102.
LaTeX Font Info:    Checking defaults for OT1/cmr/m/n on input line 102.
LaTeX Font Info:    ... okay on input line 102.
LaTeX Font Info:    Checking defaults for OMS/cmsy/m/n on input line 102.
LaTeX Font Info:    ... okay on input line 102.
LaTeX Font Info:    Checking defaults for OMX/cmex/m/n on input line 102.
LaTeX Font Info:    ... okay on input line 102.
LaTeX Font Info:    Checking defaults for U/cmr/m/n on input line 102.
LaTeX Font Info:    ... okay on input line 102.
Class revtex4 Info: Patching LaTeX tabular. on input line 102.
Class revtex4 Info: cite was not loaded (OK!) on input line 102.
Class revtex4 Info: multicol was not loaded (OK!) on input line 102.
 (/usr/local/texlive/2012/texmf-dist/tex/context/base/supp-pdf.mkii
[Loading MPS to PDF converter (version 2006.09.02).]
\scratchcounter=\count106
\scratchdimen=\dimen113
\scratchbox=\box36
\nofMPsegments=\count107
\nofMParguments=\count108
\everyMPshowfont=\toks22
\MPscratchCnt=\count109
\MPscratchDim=\dimen114
\MPnumerator=\count110
\makeMPintoPDFobject=\count111
\everyMPtoPDFconversion=\toks23
)
LaTeX Font Info:    Try loading font information for U+lasy on input line 121.
 (/usr/local/texlive/2012/texmf-dist/tex/latex/base/ulasy.fd
File: ulasy.fd 1998/08/17 v2.2e LaTeX symbol font definitions
)
LaTeX Font Info:    Try loading font information for U+msa on input line 121.

(/usr/local/texlive/2012/texmf-dist/tex/latex/amsfonts/umsa.fd
File: umsa.fd 2009/06/22 v3.00 AMS symbols A
)
LaTeX Font Info:    Try loading font information for U+msb on input line 121.

(/usr/local/texlive/2012/texmf-dist/tex/latex/amsfonts/umsb.fd
File: umsb.fd 2009/06/22 v3.00 AMS symbols B
)
LaTeX Font Info:    Font shape `U/lasy/b/n' in size <9> not available
(Font)              Font shape `U/lasy/m/n' tried instead on input line 121.
LaTeX Font Info:    Font shape `U/lasy/b/n' in size <6> not available
(Font)              Font shape `U/lasy/m/n' tried instead on input line 121.
LaTeX Font Info:    Font shape `U/lasy/b/n' in size <5> not available
(Font)              Font shape `U/lasy/m/n' tried instead on input line 121.
LaTeX Font Info:    Try loading font information for U+wasy on input line 121.

(/usr/local/texlive/2012/texmf-dist/tex/latex/wasysym/uwasy.fd
File: uwasy.fd 2003/10/30 v2.0 Wasy-2 symbol font definitions
)
LaTeX Font Info:    Font shape `U/lasy/b/n' in size <7> not available
(Font)              Font shape `U/lasy/m/n' tried instead on input line 127.

<./Figs/SunBath.jpg, id=1, 501.875pt x 377.41pt>
File: ./Figs/SunBath.jpg Graphic file (type jpg)
 <use ./Figs/SunBath.jpg>
Package pdftex.def Info: ./Figs/SunBath.jpg used on input line 172.
(pdftex.def)             Requested size: 199.16928pt x 149.77501pt.

[1{/usr/local/texlive/2012/texmf-var/fonts/map/pdftex/updmap/pdftex.map} <./Fig
s/SunBath.jpg>]
Underfull \hbox (badness 2409) in paragraph at lines 245--259
\OT1/cmr/m/n/10 that has a fi-nite tem-per-a-ture $\OML/cmm/m/it/10 T[]$\OT1/cm
r/m/n/10 . The $\OML/cmm/m/it/10 g[]$ \OT1/cmr/m/n/10 are
 []


Underfull \hbox (badness 2310) in paragraph at lines 245--259
\OT1/cmr/m/n/10 cou-plings to a driv-ing source that has an in-ten-
 []

[2]
Underfull \hbox (badness 1540) in paragraph at lines 524--540
[]\OT1/cmr/bx/n/10 Summary.--  \OT1/cmr/m/n/10 We have in-tro-duced a gen-er-al
-ized
 []

[3]
Package epstopdf Info: Source file: <./Figs/SMF_RW.eps>
(epstopdf)                    date: 2013-07-19 09:40:04
(epstopdf)                    size: 28111 bytes
(epstopdf)             Output file: <./Figs/SMF_RW-eps-converted-to.pdf>
(epstopdf)                    date: 2013-07-19 09:41:29
(epstopdf)                    size: 24589 bytes
(epstopdf)             Command: <repstopdf --outfile=./Figs/SMF_RW-eps-converte
d-to.pdf ./Figs/SMF_RW.eps>
(epstopdf)             \includegraphics on input line 551.
Package epstopdf Info: Output file is already uptodate.
 <./Figs/SMF_RW-eps-converted-to.pdf, id=32, 517.935pt x 405.515pt>
File: ./Figs/SMF_RW-eps-converted-to.pdf Graphic file (type pdf)

<use ./Figs/SMF_RW-eps-converted-to.pdf>
Package pdftex.def Info: ./Figs/SMF_RW-eps-converted-to.pdf used on input line 
551.
(pdftex.def)             Requested size: 170.71652pt x 133.65947pt.
Package epstopdf Info: Source file: <./Figs/I_sig_tau.eps>
(epstopdf)                    date: 2013-07-19 09:40:07
(epstopdf)                    size: 32662 bytes
(epstopdf)             Output file: <./Figs/I_sig_tau-eps-converted-to.pdf>
(epstopdf)                    date: 2013-07-19 09:41:30
(epstopdf)                    size: 14611 bytes
(epstopdf)             Command: <repstopdf --outfile=./Figs/I_sig_tau-eps-conve
rted-to.pdf ./Figs/I_sig_tau.eps>
(epstopdf)             \includegraphics on input line 555.
Package epstopdf Info: Output file is already uptodate.

<./Figs/I_sig_tau-eps-converted-to.pdf, id=33, 520.94624pt x 405.515pt>
File: ./Figs/I_sig_tau-eps-converted-to.pdf Graphic file (type pdf)

<use ./Figs/I_sig_tau-eps-converted-to.pdf>
Package pdftex.def Info: ./Figs/I_sig_tau-eps-converted-to.pdf used on input li
ne 555.
(pdftex.def)             Requested size: 170.71652pt x 132.88602pt.
Package epstopdf Info: Source file: <./Figs/PvsV4.eps>
(epstopdf)                    date: 2013-07-19 09:40:13
(epstopdf)                    size: 30011 bytes
(epstopdf)             Output file: <./Figs/PvsV4-eps-converted-to.pdf>
(epstopdf)                    date: 2013-07-19 09:41:30
(epstopdf)                    size: 25452 bytes
(epstopdf)             Command: <repstopdf --outfile=./Figs/PvsV4-eps-converted
-to.pdf ./Figs/PvsV4.eps>
(epstopdf)             \includegraphics on input line 576.
Package epstopdf Info: Output file is already uptodate.

<./Figs/PvsV4-eps-converted-to.pdf, id=34, 544.0325pt x 438.63875pt>
File: ./Figs/PvsV4-eps-converted-to.pdf Graphic file (type pdf)

<use ./Figs/PvsV4-eps-converted-to.pdf>
Package pdftex.def Info: ./Figs/PvsV4-eps-converted-to.pdf used on input line 5
76.
(pdftex.def)             Requested size: 199.16928pt x 160.58705pt.
Package epstopdf Info: Source file: <./Figs/IvsSMF2.eps>
(epstopdf)                    date: 2013-07-19 09:39:48
(epstopdf)                    size: 1762195 bytes
(epstopdf)             Output file: <./Figs/IvsSMF2-eps-converted-to.pdf>
(epstopdf)                    date: 2013-07-19 09:41:33
(epstopdf)                    size: 2784385 bytes
(epstopdf)             Command: <repstopdf --outfile=./Figs/IvsSMF2-eps-convert
ed-to.pdf ./Figs/IvsSMF2.eps>
(epstopdf)             \includegraphics on input line 599.
Package epstopdf Info: Output file is already uptodate.

<./Figs/IvsSMF2-eps-converted-to.pdf, id=35, 541.02126pt x 419.5675pt>
File: ./Figs/IvsSMF2-eps-converted-to.pdf Graphic file (type pdf)

<use ./Figs/IvsSMF2-eps-converted-to.pdf>
Package pdftex.def Info: ./Figs/IvsSMF2-eps-converted-to.pdf used on input line
 599.
(pdftex.def)             Requested size: 170.71652pt x 132.38852pt.
Package epstopdf Info: Source file: <./Figs/BvsLnI.eps>
(epstopdf)                    date: 2013-07-19 09:39:41
(epstopdf)                    size: 50550 bytes
(epstopdf)             Output file: <./Figs/BvsLnI-eps-converted-to.pdf>
(epstopdf)                    date: 2013-07-19 09:41:34
(epstopdf)                    size: 129819 bytes
(epstopdf)             Command: <repstopdf --outfile=./Figs/BvsLnI-eps-converte
d-to.pdf ./Figs/BvsLnI.eps>
(epstopdf)             \includegraphics on input line 604.
Package epstopdf Info: Output file is already uptodate.

<./Figs/BvsLnI-eps-converted-to.pdf, id=36, 544.0325pt x 419.5675pt>
File: ./Figs/BvsLnI-eps-converted-to.pdf Graphic file (type pdf)

<use ./Figs/BvsLnI-eps-converted-to.pdf>
Package pdftex.def Info: ./Figs/BvsLnI-eps-converted-to.pdf used on input line 
604.
(pdftex.def)             Requested size: 170.71652pt x 131.65869pt.
Package epstopdf Info: Source file: <./Figs/PlnI.eps>
(epstopdf)                    date: 2013-07-19 12:06:50
(epstopdf)                    size: 18771 bytes
(epstopdf)             Output file: <./Figs/PlnI-eps-converted-to.pdf>
(epstopdf)                    date: 2013-07-19 12:09:48
(epstopdf)                    size: 13303 bytes
(epstopdf)             Command: <repstopdf --outfile=./Figs/PlnI-eps-converted-
to.pdf ./Figs/PlnI.eps>
(epstopdf)             \includegraphics on input line 621.
Package epstopdf Info: Output file is already uptodate.

<./Figs/PlnI-eps-converted-to.pdf, id=37, 536.0025pt x 419.5675pt>
File: ./Figs/PlnI-eps-converted-to.pdf Graphic file (type pdf)

<use ./Figs/PlnI-eps-converted-to.pdf>
Package pdftex.def Info: ./Figs/PlnI-eps-converted-to.pdf used on input line 62
1.
(pdftex.def)             Requested size: 199.16928pt x 155.90335pt.
 [4 <./Figs/SMF_RW-eps-converted-to.pdf> <./Figs/I_sig_tau-eps-converted-to.pdf
> <./Figs/PvsV4-eps-converted-to.pdf> <./Figs/IvsSMF2-eps-converted-to.pdf> <./
Figs/BvsLnI-eps-converted-to.pdf> <./Figs/PlnI-eps-converted-to.pdf>]
Underfull \hbox (badness 2293) in paragraph at lines 682--685
 []\OT1/cmr/m/n/9 S.F. Burlatsky, G.S. Os-hanin, A.V. Mogutov, M.
 []


Underfull \hbox (badness 2293) in paragraph at lines 691--694
 []\OT1/cmr/m/n/9 S.F. Burlatsky, G.S. Os-hanin, A.V. Mogutov, M.
 []


Underfull \hbox (badness 10000) in paragraph at lines 832--835
 \OT1/cmr/m/n/9 and $\OT1/cmtt/m/n/9 http : / / thehealthyhavenblog . com / 201
2 / 06 / 18 /
 []

[5] [6] [7]
Package epstopdf Info: Source file: <./Figs/lin2.eps>
(epstopdf)                    date: 2013-07-19 09:39:53
(epstopdf)                    size: 188215 bytes
(epstopdf)             Output file: <./Figs/lin2-eps-converted-to.pdf>
(epstopdf)                    date: 2013-07-19 09:41:35
(epstopdf)                    size: 504647 bytes
(epstopdf)             Command: <repstopdf --outfile=./Figs/lin2-eps-converted-
to.pdf ./Figs/lin2.eps>
(epstopdf)             \includegraphics on input line 1141.
Package epstopdf Info: Output file is already uptodate.
 <./Figs/lin2-eps-converted-to.pdf, id=104, 538.01pt x 438.63875pt>
File: ./Figs/lin2-eps-converted-to.pdf Graphic file (type pdf)

<use ./Figs/lin2-eps-converted-to.pdf>
Package pdftex.def Info: ./Figs/lin2-eps-converted-to.pdf used on input line 11
41.
(pdftex.def)             Requested size: 174.48996pt x 142.26378pt.
Package epstopdf Info: Source file: <./Figs/lin1.eps>
(epstopdf)                    date: 2013-07-19 09:39:50
(epstopdf)                    size: 28504 bytes
(epstopdf)             Output file: <./Figs/lin1-eps-converted-to.pdf>
(epstopdf)                    date: 2013-07-19 09:41:35
(epstopdf)                    size: 21788 bytes
(epstopdf)             Command: <repstopdf --outfile=./Figs/lin1-eps-converted-
to.pdf ./Figs/lin1.eps>
(epstopdf)             \includegraphics on input line 1143.
Package epstopdf Info: Output file is already uptodate.

<./Figs/lin1-eps-converted-to.pdf, id=105, 495.8525pt x 419.5675pt>
File: ./Figs/lin1-eps-converted-to.pdf Graphic file (type pdf)

<use ./Figs/lin1-eps-converted-to.pdf>
Package pdftex.def Info: ./Figs/lin1-eps-converted-to.pdf used on input line 11
43.
(pdftex.def)             Requested size: 168.12608pt x 142.26378pt.


Class revtex4 Warning: Float cannot be placed.

Package epstopdf Info: Source file: <./Figs/PB_sim.eps>
(epstopdf)                    date: 2013-07-24 10:46:45
(epstopdf)                    size: 22351 bytes
(epstopdf)             Output file: <./Figs/PB_sim-eps-converted-to.pdf>
(epstopdf)                    date: 2013-07-24 10:46:48
(epstopdf)                    size: 13607 bytes
(epstopdf)             Command: <repstopdf --outfile=./Figs/PB_sim-eps-converte
d-to.pdf ./Figs/PB_sim.eps>
(epstopdf)             \includegraphics on input line 1161.
Package epstopdf Info: Output file is already uptodate.
<./Figs/PB_sim-eps-converted-to.pdf, id=106, 548.0475pt x 419.5675pt>
File: ./Figs/PB_sim-eps-converted-to.pdf Graphic file (type pdf)

<use ./Figs/PB_sim-eps-converted-to.pdf>
Package pdftex.def Info: ./Figs/PB_sim-eps-converted-to.pdf used on input line 
1161.
(pdftex.def)             Requested size: 199.16928pt x 152.47824pt.


Class revtex4 Warning: Float cannot be placed.

Package epstopdf Info: Source file: <./Figs/f_K.eps>
(epstopdf)                    date: 2013-07-24 13:41:26
(epstopdf)                    size: 14071 bytes
(epstopdf)             Output file: <./Figs/f_K-eps-converted-to.pdf>
(epstopdf)                    date: 2013-07-24 13:41:43
(epstopdf)                    size: 17632 bytes
(epstopdf)             Command: <repstopdf --outfile=./Figs/f_K-eps-converted-t
o.pdf ./Figs/f_K.eps>
(epstopdf)             \includegraphics on input line 1176.
Package epstopdf Info: Output file is already uptodate.
<./Figs/f_K-eps-converted-to.pdf, id=107, 547.04375pt x 413.545pt>
File: ./Figs/f_K-eps-converted-to.pdf Graphic file (type pdf)

<use ./Figs/f_K-eps-converted-to.pdf>
Package pdftex.def Info: ./Figs/f_K-eps-converted-to.pdf used on input line 117
6.
(pdftex.def)             Requested size: 199.16928pt x 150.5672pt.
Package epstopdf Info: Source file: <./Figs/MinMax.eps>
(epstopdf)                    date: 2013-07-24 13:40:58
(epstopdf)                    size: 99043 bytes
(epstopdf)             Output file: <./Figs/MinMax-eps-converted-to.pdf>
(epstopdf)                    date: 2013-07-24 13:42:00
(epstopdf)                    size: 269897 bytes
(epstopdf)             Command: <repstopdf --outfile=./Figs/MinMax-eps-converte
d-to.pdf ./Figs/MinMax.eps>
(epstopdf)             \includegraphics on input line 1177.
Package epstopdf Info: Output file is already uptodate.

<./Figs/MinMax-eps-converted-to.pdf, id=108, 541.02126pt x 419.5675pt>
File: ./Figs/MinMax-eps-converted-to.pdf Graphic file (type pdf)

<use ./Figs/MinMax-eps-converted-to.pdf>
Package pdftex.def Info: ./Figs/MinMax-eps-converted-to.pdf used on input line 
1177.
(pdftex.def)             Requested size: 199.16928pt x 154.45648pt.


Class revtex4 Warning: Float cannot be placed.

[8] [9 <./Figs/lin2-eps-converted-to.pdf> <./Figs/lin1-eps-converted-to.pdf> <.
/Figs/PB_sim-eps-converted-to.pdf> <./Figs/f_K-eps-converted-to.pdf> <./Figs/Mi
nMax-eps-converted-to.pdf>] (./nef_3.aux) ) 
Here is how much of TeX's memory you used:
 4578 strings out of 493488
 59548 string characters out of 3141326
 152858 words of memory out of 3000000
 7765 multiletter control sequences out of 15000+200000
 16819 words of font info for 67 fonts, out of 3000000 for 9000
 957 hyphenation exceptions out of 8191
 42i,22n,31p,1014b,428s stack positions out of 5000i,500n,10000p,200000b,50000s
</usr/local/texlive/2012/texmf-dist/
fonts/type1/public/amsfonts/cm/cmbx10.pfb></usr/local/texlive/2012/texmf-dist/f
onts/type1/public/amsfonts/cm/cmbx12.pfb></usr/local/texlive/2012/texmf-dist/fo
nts/type1/public/amsfonts/cm/cmbx9.pfb></usr/local/texlive/2012/texmf-dist/font
s/type1/public/amsfonts/cm/cmex10.pfb></usr/local/texlive/2012/texmf-dist/fonts
/type1/public/amsfonts/cm/cmmi10.pfb></usr/local/texlive/2012/texmf-dist/fonts/
type1/public/amsfonts/cm/cmmi5.pfb></usr/local/texlive/2012/texmf-dist/fonts/ty
pe1/public/amsfonts/cm/cmmi6.pfb></usr/local/texlive/2012/texmf-dist/fonts/type
1/public/amsfonts/cm/cmmi7.pfb></usr/local/texlive/2012/texmf-dist/fonts/type1/
public/amsfonts/cm/cmmi9.pfb></usr/local/texlive/2012/texmf-dist/fonts/type1/pu
blic/amsfonts/cm/cmr10.pfb></usr/local/texlive/2012/texmf-dist/fonts/type1/publ
ic/amsfonts/cm/cmr6.pfb></usr/local/texlive/2012/texmf-dist/fonts/type1/public/
amsfonts/cm/cmr7.pfb></usr/local/texlive/2012/texmf-dist/fonts/type1/public/ams
fonts/cm/cmr9.pfb></usr/local/texlive/2012/texmf-dist/fonts/type1/public/amsfon
ts/cm/cmsy10.pfb></usr/local/texlive/2012/texmf-dist/fonts/type1/public/amsfont
s/cm/cmsy5.pfb></usr/local/texlive/2012/texmf-dist/fonts/type1/public/amsfonts/
cm/cmsy7.pfb></usr/local/texlive/2012/texmf-dist/fonts/type1/public/amsfonts/cm
/cmsy9.pfb></usr/local/texlive/2012/texmf-dist/fonts/type1/public/amsfonts/cm/c
mti10.pfb></usr/local/texlive/2012/texmf-dist/fonts/type1/public/amsfonts/cm/cm
ti9.pfb></usr/local/texlive/2012/texmf-dist/fonts/type1/public/amsfonts/cm/cmtt
9.pfb></usr/local/texlive/2012/texmf-dist/fonts/type1/public/amsfonts/symbols/m
sam5.pfb></usr/local/texlive/2012/texmf-dist/fonts/type1/public/amsfonts/symbol
s/msam7.pfb></usr/local/texlive/2012/texmf-dist/fonts/type1/public/wasy/wasy10.
pfb>
Output written on nef_3.pdf (9 pages, 4159575 bytes).
PDF statistics:
 216 PDF objects out of 1000 (max. 8388607)
 153 compressed objects within 2 object streams
 0 named destinations out of 1000 (max. 500000)
 61 words of extra memory for PDF output out of 10000 (max. 10000000)

