This is pdfTeX, Version 3.1415926-2.4-1.40.13 (TeX Live 2012) (format=pdflatex 2012.6.30)  27 DEC 2013 13:12
entering extended mode
 restricted \write18 enabled.
 file:line:error style messages enabled.
 %&-line parsing enabled.
**nef_proofs.tex
(./nef_proofs.tex
LaTeX2e <2011/06/27>
Babel <v3.8m> and hyphenation patterns for english, dumylang, nohyphenation, ge
rman-x-2012-05-30, ngerman-x-2012-05-30, afrikaans, ancientgreek, ibycus, arabi
c, armenian, basque, bulgarian, catalan, pinyin, coptic, croatian, czech, danis
h, dutch, ukenglish, usenglishmax, esperanto, estonian, ethiopic, farsi, finnis
h, french, friulan, galician, german, ngerman, swissgerman, monogreek, greek, h
ungarian, icelandic, assamese, bengali, gujarati, hindi, kannada, malayalam, ma
rathi, oriya, panjabi, tamil, telugu, indonesian, interlingua, irish, italian, 
kurmanji, latin, latvian, lithuanian, mongolian, mongolianlmc, bokmal, nynorsk,
 polish, portuguese, romanian, romansh, russian, sanskrit, serbian, serbianc, s
lovak, slovenian, spanish, swedish, turkish, turkmen, ukrainian, uppersorbian, 
welsh, loaded.
(/usr/local/texlive/2012/texmf-dist/tex/latex/revtex4/revtex4.cls
Document Class: revtex4 2001/08/02 v4.0 (http://publish.aps.org/revtex4/ for do
cumentation)
 Copyright (c) 2001 The American Physical Society.
 mailto:revtex@aps.org
 Licensed under the LPPL:
http://www.ctan.org/tex-archive/macros/latex/base/lppl.txt
 Arthur Ogawa <ogawa@teleport.com>
 Based on work by David Carlisle <david@dcarlisle.demon.co.uk>.
ltxutil: portions licensed from W. E. Baxter (web@superscript.com)
Class revtex4 Info: Repairing broken LateX \@sect on input line 596.
\intertabularlinepenalty=\count79
\@tbpen=\count80
\@arstrutbox@hline=\box26
Class revtex4 Info: Repairing broken LaTeX \@xbitor on input line 1610.
ltxgrid: portions licensed from W. E. Baxter (web@superscript.com)
\c@linecount=\count81
\output=\toks14
\@protection@box=\box27
\@topmark@saved=\toks15
\footins@saved=\box28
\pagesofar=\box29
\footbox=\box30
\pagegrid@col=\count82
Class revtex4 Info: Incorporating package {textcase}  [1998/11/12 v0.06 Text on
ly upper/lower case changing (DPC)]. on input line 3682.
(/usr/local/texlive/2012/texmf-dist/tex/latex/url/url.sty
\Urlmuskip=\muskip10
Package: url 2006/04/12  ver 3.3  Verb mode for urls, etc.
)
\c@affil=\count83
\absbox=\box31
\c@part=\count84
\c@section=\count85
\c@subsection=\count86
\c@subsubsection=\count87
\c@paragraph=\count88
\c@subparagraph=\count89
\abovecaptionskip=\skip41
\belowcaptionskip=\skip42
\c@figure=\count90
\c@table=\count91

(/usr/local/texlive/2012/texmf-dist/tex/latex/natbib/natbib.sty
Package: natbib 2010/09/13 8.31b (PWD, AO)
\bibhang=\skip43
\bibsep=\skip44
LaTeX Info: Redefining \cite on input line 694.
\c@NAT@ctr=\count92
)
\widetext@top=\box32
\widetext@bot=\box33

(/usr/local/texlive/2012/texmf-dist/tex/latex/revtex4/revsymb.sty
Package: revsymb 2001/08/02 v4.0 (http://publish.aps.org/revtex4/ for documenta
tion)
LaTeX Info: Redefining \REV@mathfrak on input line 118.
))
(/usr/local/texlive/2012/texmf-dist/tex/latex/revtex4/aps.rtx
File: aps.rtx 2001/08/02 v4.0 (http://publish.aps.org/revtex4/ for documentatio
n)
)
(/usr/local/texlive/2012/texmf-dist/tex/latex/revtex4/10pt.rtx
File: 10pt.rtx 2001/08/02 v4.0 (http://publish.aps.org/revtex4/ for documentati
on)
)
(/usr/local/texlive/2012/texmf-dist/tex/latex/base/ifthen.sty
Package: ifthen 2001/05/26 v1.1c Standard LaTeX ifthen package (DPC)
)
(/usr/local/texlive/2012/texmf-dist/tex/generic/oberdiek/ifpdf.sty
Package: ifpdf 2011/01/30 v2.3 Provides the ifpdf switch (HO)
Package ifpdf Info: pdfTeX in PDF mode is detected.
)
(/usr/local/texlive/2012/texmf-dist/tex/latex/graphics/color.sty
Package: color 2005/11/14 v1.0j Standard LaTeX Color (DPC)

(/usr/local/texlive/2012/texmf-dist/tex/latex/latexconfig/color.cfg
File: color.cfg 2007/01/18 v1.5 color configuration of teTeX/TeXLive
)
Package color Info: Driver file: pdftex.def on input line 130.

(/usr/local/texlive/2012/texmf-dist/tex/latex/pdftex-def/pdftex.def
File: pdftex.def 2011/05/27 v0.06d Graphics/color for pdfTeX

(/usr/local/texlive/2012/texmf-dist/tex/generic/oberdiek/infwarerr.sty
Package: infwarerr 2010/04/08 v1.3 Providing info/warning/error messages (HO)
)
(/usr/local/texlive/2012/texmf-dist/tex/generic/oberdiek/ltxcmds.sty
Package: ltxcmds 2011/11/09 v1.22 LaTeX kernel commands for general use (HO)
)
\Gread@gobject=\count93
))
(/usr/local/texlive/2012/texmf-dist/tex/latex/graphics/graphicx.sty
Package: graphicx 1999/02/16 v1.0f Enhanced LaTeX Graphics (DPC,SPQR)

(/usr/local/texlive/2012/texmf-dist/tex/latex/graphics/keyval.sty
Package: keyval 1999/03/16 v1.13 key=value parser (DPC)
\KV@toks@=\toks16
)
(/usr/local/texlive/2012/texmf-dist/tex/latex/graphics/graphics.sty
Package: graphics 2009/02/05 v1.0o Standard LaTeX Graphics (DPC,SPQR)

(/usr/local/texlive/2012/texmf-dist/tex/latex/graphics/trig.sty
Package: trig 1999/03/16 v1.09 sin cos tan (DPC)
)
(/usr/local/texlive/2012/texmf-dist/tex/latex/latexconfig/graphics.cfg
File: graphics.cfg 2010/04/23 v1.9 graphics configuration of TeX Live
)
Package graphics Info: Driver file: pdftex.def on input line 91.
)
\Gin@req@height=\dimen102
\Gin@req@width=\dimen103
)
(/usr/local/texlive/2012/texmf-dist/tex/latex/oberdiek/epstopdf.sty
Package: epstopdf 2010/02/09 v2.5 Conversion with epstopdf on the fly (HO)

(/usr/local/texlive/2012/texmf-dist/tex/latex/oberdiek/epstopdf-base.sty
Package: epstopdf-base 2010/02/09 v2.5 Base part for package epstopdf

(/usr/local/texlive/2012/texmf-dist/tex/latex/oberdiek/grfext.sty
Package: grfext 2010/08/19 v1.1 Manage graphics extensions (HO)

(/usr/local/texlive/2012/texmf-dist/tex/generic/oberdiek/kvdefinekeys.sty
Package: kvdefinekeys 2011/04/07 v1.3 Define keys (HO)
))
(/usr/local/texlive/2012/texmf-dist/tex/latex/oberdiek/kvoptions.sty
Package: kvoptions 2011/06/30 v3.11 Key value format for package options (HO)

(/usr/local/texlive/2012/texmf-dist/tex/generic/oberdiek/kvsetkeys.sty
Package: kvsetkeys 2012/04/25 v1.16 Key value parser (HO)

(/usr/local/texlive/2012/texmf-dist/tex/generic/oberdiek/etexcmds.sty
Package: etexcmds 2011/02/16 v1.5 Avoid name clashes with e-TeX commands (HO)

(/usr/local/texlive/2012/texmf-dist/tex/generic/oberdiek/ifluatex.sty
Package: ifluatex 2010/03/01 v1.3 Provides the ifluatex switch (HO)
Package ifluatex Info: LuaTeX not detected.
)
Package etexcmds Info: Could not find \expanded.
(etexcmds)             That can mean that you are not using pdfTeX 1.50 or
(etexcmds)             that some package has redefined \expanded.
(etexcmds)             In the latter case, load this package earlier.
)))
(/usr/local/texlive/2012/texmf-dist/tex/generic/oberdiek/pdftexcmds.sty
Package: pdftexcmds 2011/11/29 v0.20 Utility functions of pdfTeX for LuaTeX (HO
)
Package pdftexcmds Info: LuaTeX not detected.
Package pdftexcmds Info: \pdf@primitive is available.
Package pdftexcmds Info: \pdf@ifprimitive is available.
Package pdftexcmds Info: \pdfdraftmode found.
)
Package grfext Info: Graphics extension search list:
(grfext)             [.png,.pdf,.jpg,.mps,.jpeg,.jbig2,.jb2,.PNG,.PDF,.JPG,.JPE
G,.JBIG2,.JB2,.eps]
(grfext)             \AppendGraphicsExtensions on input line 452.

(/usr/local/texlive/2012/texmf-dist/tex/latex/latexconfig/epstopdf-sys.cfg
File: epstopdf-sys.cfg 2010/07/13 v1.3 Configuration of (r)epstopdf for TeX Liv
e
)))
(/usr/local/texlive/2012/texmf-dist/tex/latex/base/latexsym.sty
Package: latexsym 1998/08/17 v2.2e Standard LaTeX package (lasy symbols)
\symlasy=\mathgroup4
LaTeX Font Info:    Overwriting symbol font `lasy' in version `bold'
(Font)                  U/lasy/m/n --> U/lasy/b/n on input line 47.
)
(/usr/local/texlive/2012/texmf-dist/tex/latex/amsmath/amsmath.sty
Package: amsmath 2000/07/18 v2.13 AMS math features
\@mathmargin=\skip45

For additional information on amsmath, use the `?' option.
(/usr/local/texlive/2012/texmf-dist/tex/latex/amsmath/amstext.sty
Package: amstext 2000/06/29 v2.01

(/usr/local/texlive/2012/texmf-dist/tex/latex/amsmath/amsgen.sty
File: amsgen.sty 1999/11/30 v2.0
\@emptytoks=\toks17
\ex@=\dimen104
))
(/usr/local/texlive/2012/texmf-dist/tex/latex/amsmath/amsbsy.sty
Package: amsbsy 1999/11/29 v1.2d
\pmbraise@=\dimen105
)
(/usr/local/texlive/2012/texmf-dist/tex/latex/amsmath/amsopn.sty
Package: amsopn 1999/12/14 v2.01 operator names
)
\inf@bad=\count94
LaTeX Info: Redefining \frac on input line 211.
\uproot@=\count95
\leftroot@=\count96
LaTeX Info: Redefining \overline on input line 307.
\classnum@=\count97
\DOTSCASE@=\count98
LaTeX Info: Redefining \ldots on input line 379.
LaTeX Info: Redefining \dots on input line 382.
LaTeX Info: Redefining \cdots on input line 467.
\Mathstrutbox@=\box34
\strutbox@=\box35
\big@size=\dimen106
LaTeX Font Info:    Redeclaring font encoding OML on input line 567.
LaTeX Font Info:    Redeclaring font encoding OMS on input line 568.
\macc@depth=\count99
\c@MaxMatrixCols=\count100
\dotsspace@=\muskip11
\c@parentequation=\count101
\dspbrk@lvl=\count102
\tag@help=\toks18
\row@=\count103
\column@=\count104
\maxfields@=\count105
\andhelp@=\toks19
\eqnshift@=\dimen107
\alignsep@=\dimen108
\tagshift@=\dimen109
\tagwidth@=\dimen110
\totwidth@=\dimen111
\lineht@=\dimen112
\@envbody=\toks20
\multlinegap=\skip46
\multlinetaggap=\skip47
\mathdisplay@stack=\toks21
LaTeX Info: Redefining \[ on input line 2666.
LaTeX Info: Redefining \] on input line 2667.
)
(/usr/local/texlive/2012/texmf-dist/tex/latex/amsfonts/amssymb.sty
Package: amssymb 2009/06/22 v3.00

(/usr/local/texlive/2012/texmf-dist/tex/latex/amsfonts/amsfonts.sty
Package: amsfonts 2009/06/22 v3.00 Basic AMSFonts support
\symAMSa=\mathgroup5
\symAMSb=\mathgroup6
LaTeX Font Info:    Overwriting math alphabet `\mathfrak' in version `bold'
(Font)                  U/euf/m/n --> U/euf/b/n on input line 96.
LaTeX Info: Redefining \frak on input line 99.
LaTeX Info: Redefining \Bbb on input line 101.
))
(/usr/local/texlive/2012/texmf-dist/tex/latex/tools/bm.sty
Package: bm 2004/02/26 v1.1c Bold Symbol Support (DPC/FMi)
\symboldoperators=\mathgroup7
\symboldletters=\mathgroup8
\symboldsymbols=\mathgroup9
\symboldlasy=\mathgroup10
LaTeX Font Info:    Redeclaring math alphabet \mathbf on input line 138.
LaTeX Info: Redefining \bm on input line 204.
)
(/usr/local/texlive/2012/texmf-dist/tex/latex/wasysym/wasysym.sty
Package: wasysym 2003/10/30 v2.0 Wasy-2 symbol support package
\symwasy=\mathgroup11
LaTeX Font Info:    Overwriting symbol font `wasy' in version `bold'
(Font)                  U/wasy/m/n --> U/wasy/b/n on input line 90.
)
(/usr/local/texlive/2012/texmf-dist/tex/latex/hyperref/hyperref.sty
Package: hyperref 2012/05/13 v6.82q Hypertext links for LaTeX

(/usr/local/texlive/2012/texmf-dist/tex/generic/oberdiek/hobsub-hyperref.sty
Package: hobsub-hyperref 2012/05/28 v1.13 Bundle oberdiek, subset hyperref (HO)


(/usr/local/texlive/2012/texmf-dist/tex/generic/oberdiek/hobsub-generic.sty
Package: hobsub-generic 2012/05/28 v1.13 Bundle oberdiek, subset generic (HO)
Package: hobsub 2012/05/28 v1.13 Construct package bundles (HO)
Package hobsub Info: Skipping package `infwarerr' (already loaded).
Package hobsub Info: Skipping package `ltxcmds' (already loaded).
Package hobsub Info: Skipping package `ifluatex' (already loaded).
Package: ifvtex 2010/03/01 v1.5 Detect VTeX and its facilities (HO)
Package ifvtex Info: VTeX not detected.
Package: intcalc 2007/09/27 v1.1 Expandable calculations with integers (HO)
Package hobsub Info: Skipping package `ifpdf' (already loaded).
Package hobsub Info: Skipping package `etexcmds' (already loaded).
Package hobsub Info: Skipping package `kvsetkeys' (already loaded).
Package hobsub Info: Skipping package `kvdefinekeys' (already loaded).
Package hobsub Info: Skipping package `pdftexcmds' (already loaded).
Package: pdfescape 2011/11/25 v1.13 Implements pdfTeX's escape features (HO)
Package: bigintcalc 2012/04/08 v1.3 Expandable calculations on big integers (HO
)
Package: bitset 2011/01/30 v1.1 Handle bit-vector datatype (HO)
Package: uniquecounter 2011/01/30 v1.2 Provide unlimited unique counter (HO)
)
Package hobsub Info: Skipping package `hobsub' (already loaded).
Package: letltxmacro 2010/09/02 v1.4 Let assignment for LaTeX macros (HO)
Package: hopatch 2012/05/28 v1.2 Wrapper for package hooks (HO)
Package: xcolor-patch 2011/01/30 xcolor patch
Package: atveryend 2011/06/30 v1.8 Hooks at the very end of document (HO)
Package: atbegshi 2011/10/05 v1.16 At begin shipout hook (HO)
Package: refcount 2011/10/16 v3.4 Data extraction from label references (HO)
Package: hycolor 2011/01/30 v1.7 Color options for hyperref/bookmark (HO)
)
(/usr/local/texlive/2012/texmf-dist/tex/generic/ifxetex/ifxetex.sty
Package: ifxetex 2010/09/12 v0.6 Provides ifxetex conditional
)
\@linkdim=\dimen113
\Hy@linkcounter=\count106
\Hy@pagecounter=\count107

(/usr/local/texlive/2012/texmf-dist/tex/latex/hyperref/pd1enc.def
File: pd1enc.def 2012/05/13 v6.82q Hyperref: PDFDocEncoding definition (HO)
)
\Hy@SavedSpaceFactor=\count108

(/usr/local/texlive/2012/texmf-dist/tex/latex/latexconfig/hyperref.cfg
File: hyperref.cfg 2002/06/06 v1.2 hyperref configuration of TeXLive
)
Package hyperref Info: Hyper figures OFF on input line 4062.
Package hyperref Info: Link nesting OFF on input line 4067.
Package hyperref Info: Hyper index ON on input line 4070.
Package hyperref Info: Plain pages OFF on input line 4077.
Package hyperref Info: Backreferencing OFF on input line 4082.
Package hyperref Info: Implicit mode ON; LaTeX internals redefined.
Package hyperref Info: Bookmarks ON on input line 4300.
\c@Hy@tempcnt=\count109
LaTeX Info: Redefining \url on input line 4653.
\Fld@menulength=\count110
\Field@Width=\dimen114
\Fld@charsize=\dimen115
Package hyperref Info: Hyper figures OFF on input line 5773.
Package hyperref Info: Link nesting OFF on input line 5778.
Package hyperref Info: Hyper index ON on input line 5781.
Package hyperref Info: backreferencing OFF on input line 5788.
Package hyperref Info: Link coloring OFF on input line 5793.
Package hyperref Info: Link coloring with OCG OFF on input line 5798.
Package hyperref Info: PDF/A mode OFF on input line 5803.
LaTeX Info: Redefining \ref on input line 5843.
LaTeX Info: Redefining \pageref on input line 5847.
\Hy@abspage=\count111
\c@Item=\count112
\c@Hfootnote=\count113
)

Package hyperref Message: Driver (autodetected): hpdftex.

(/usr/local/texlive/2012/texmf-dist/tex/latex/hyperref/hpdftex.def
File: hpdftex.def 2012/05/13 v6.82q Hyperref driver for pdfTeX
\Fld@listcount=\count114
\c@bookmark@seq@number=\count115

(/usr/local/texlive/2012/texmf-dist/tex/latex/oberdiek/rerunfilecheck.sty
Package: rerunfilecheck 2011/04/15 v1.7 Rerun checks for auxiliary files (HO)
Package uniquecounter Info: New unique counter `rerunfilecheck' on input line 2
82.
)
\Hy@SectionHShift=\skip48
)
(./nef_proofs.aux)
\openout1 = `nef_proofs.aux'.

LaTeX Font Info:    Checking defaults for OML/cmm/m/it on input line 102.
LaTeX Font Info:    ... okay on input line 102.
LaTeX Font Info:    Checking defaults for T1/cmr/m/n on input line 102.
LaTeX Font Info:    ... okay on input line 102.
LaTeX Font Info:    Checking defaults for OT1/cmr/m/n on input line 102.
LaTeX Font Info:    ... okay on input line 102.
LaTeX Font Info:    Checking defaults for OMS/cmsy/m/n on input line 102.
LaTeX Font Info:    ... okay on input line 102.
LaTeX Font Info:    Checking defaults for OMX/cmex/m/n on input line 102.
LaTeX Font Info:    ... okay on input line 102.
LaTeX Font Info:    Checking defaults for U/cmr/m/n on input line 102.
LaTeX Font Info:    ... okay on input line 102.
LaTeX Font Info:    Checking defaults for PD1/pdf/m/n on input line 102.
LaTeX Font Info:    ... okay on input line 102.
Class revtex4 Info: Patching LaTeX tabular. on input line 102.
Class revtex4 Info: cite was not loaded (OK!) on input line 102.
Class revtex4 Info: multicol was not loaded (OK!) on input line 102.

(/usr/local/texlive/2012/texmf-dist/tex/context/base/supp-pdf.mkii
[Loading MPS to PDF converter (version 2006.09.02).]
\scratchcounter=\count116
\scratchdimen=\dimen116
\scratchbox=\box36
\nofMPsegments=\count117
\nofMParguments=\count118
\everyMPshowfont=\toks22
\MPscratchCnt=\count119
\MPscratchDim=\dimen117
\MPnumerator=\count120
\makeMPintoPDFobject=\count121
\everyMPtoPDFconversion=\toks23
)
\AtBeginShipoutBox=\box37


Package hyperref Warning: Height of page (\paperheight) is invalid (0.0pt),
(hyperref)                using 11in.

Package hyperref Info: Link coloring OFF on input line 102.
(/usr/local/texlive/2012/texmf-dist/tex/latex/hyperref/nameref.sty
Package: nameref 2010/04/30 v2.40 Cross-referencing by name of section

(/usr/local/texlive/2012/texmf-dist/tex/generic/oberdiek/gettitlestring.sty
Package: gettitlestring 2010/12/03 v1.4 Cleanup title references (HO)
)
\c@section@level=\count122
)
LaTeX Info: Redefining \ref on input line 102.
LaTeX Info: Redefining \pageref on input line 102.
LaTeX Info: Redefining \nameref on input line 102.

(./nef_proofs.out) (./nef_proofs.out)
\@outlinefile=\write3
\openout3 = `nef_proofs.out'.

LaTeX Font Info:    Try loading font information for U+lasy on input line 121.

(/usr/local/texlive/2012/texmf-dist/tex/latex/base/ulasy.fd
File: ulasy.fd 1998/08/17 v2.2e LaTeX symbol font definitions
)
LaTeX Font Info:    Try loading font information for U+msa on input line 121.

(/usr/local/texlive/2012/texmf-dist/tex/latex/amsfonts/umsa.fd
File: umsa.fd 2009/06/22 v3.00 AMS symbols A
)
LaTeX Font Info:    Try loading font information for U+msb on input line 121.

(/usr/local/texlive/2012/texmf-dist/tex/latex/amsfonts/umsb.fd
File: umsb.fd 2009/06/22 v3.00 AMS symbols B
)
LaTeX Font Info:    Font shape `U/lasy/b/n' in size <9> not available
(Font)              Font shape `U/lasy/m/n' tried instead on input line 121.
LaTeX Font Info:    Font shape `U/lasy/b/n' in size <6> not available
(Font)              Font shape `U/lasy/m/n' tried instead on input line 121.
LaTeX Font Info:    Font shape `U/lasy/b/n' in size <5> not available
(Font)              Font shape `U/lasy/m/n' tried instead on input line 121.
LaTeX Font Info:    Try loading font information for U+wasy on input line 121.

(/usr/local/texlive/2012/texmf-dist/tex/latex/wasysym/uwasy.fd
File: uwasy.fd 2003/10/30 v2.0 Wasy-2 symbol font definitions
)
LaTeX Font Info:    Font shape `U/lasy/b/n' in size <7> not available
(Font)              Font shape `U/lasy/m/n' tried instead on input line 127.
Package epstopdf Info: Source file: <./Figs/nerRingModel.eps>
(epstopdf)                    date: 2013-12-16 15:53:47
(epstopdf)                    size: 8075 bytes
(epstopdf)             Output file: <./Figs/nerRingModel-eps-converted-to.pdf>
(epstopdf)                    date: 2013-12-16 15:54:29
(epstopdf)                    size: 5159 bytes
(epstopdf)             Command: <repstopdf --outfile=./Figs/nerRingModel-eps-co
nverted-to.pdf ./Figs/nerRingModel.eps>
(epstopdf)             \includegraphics on input line 245.
Package epstopdf Info: Output file is already uptodate.

<./Figs/nerRingModel-eps-converted-to.pdf, id=79, 185.69376pt x 154.5775pt>
File: ./Figs/nerRingModel-eps-converted-to.pdf Graphic file (type pdf)

<use ./Figs/nerRingModel-eps-converted-to.pdf>
Package pdftex.def Info: ./Figs/nerRingModel-eps-converted-to.pdf used on input
 line 245.
(pdftex.def)             Requested size: 123.0pt x 102.39175pt.
 [1{/usr/local/texlive/2012/texmf-var/fonts/map/pdftex/updmap/pdftex.map}]

LaTeX Warning: A float is stuck (cannot be placed) on input line 291.


LaTeX Warning: A float is stuck (cannot be placed) on input line 291.


Class revtex4 Warning: Deferred float stuck during \clearpage processing.

Package epstopdf Info: Source file: <./Figs/SMF_RW.eps>
(epstopdf)                    date: 2013-12-16 15:53:35
(epstopdf)                    size: 28111 bytes
(epstopdf)             Output file: <./Figs/SMF_RW-eps-converted-to.pdf>
(epstopdf)                    date: 2013-12-16 15:54:30
(epstopdf)                    size: 24589 bytes
(epstopdf)             Command: <repstopdf --outfile=./Figs/SMF_RW-eps-converte
d-to.pdf ./Figs/SMF_RW.eps>
(epstopdf)             \includegraphics on input line 368.
Package epstopdf Info: Output file is already uptodate.
<./Figs/SMF_RW-eps-converted-to.pdf, id=128, 517.935pt x 405.515pt>
File: ./Figs/SMF_RW-eps-converted-to.pdf Graphic file (type pdf)

<use ./Figs/SMF_RW-eps-converted-to.pdf>
Package pdftex.def Info: ./Figs/SMF_RW-eps-converted-to.pdf used on input line 
368.
(pdftex.def)             Requested size: 246.0pt x 192.60306pt.
Package epstopdf Info: Source file: <IvsNu_sigma30.eps>
(epstopdf)                    date: 2013-12-16 15:52:47
(epstopdf)                    size: 30827 bytes
(epstopdf)             Output file: <IvsNu_sigma30-eps-converted-to.pdf>
(epstopdf)                    date: 2013-12-16 15:54:07
(epstopdf)                    size: 18500 bytes
(epstopdf)             Command: <repstopdf --outfile=IvsNu_sigma30-eps-converte
d-to.pdf IvsNu_sigma30.eps>
(epstopdf)             \includegraphics on input line 374.
Package epstopdf Info: Output file is already uptodate.

<IvsNu_sigma30-eps-converted-to.pdf, id=129, 529.98pt x 222.8325pt>
File: IvsNu_sigma30-eps-converted-to.pdf Graphic file (type pdf)

<use IvsNu_sigma30-eps-converted-to.pdf>
Package pdftex.def Info: IvsNu_sigma30-eps-converted-to.pdf used on input line 
374.
(pdftex.def)             Requested size: 246.0pt x 103.43243pt.
Package epstopdf Info: Source file: <./Figs/I_sig_tau.eps>
(epstopdf)                    date: 2013-12-16 15:53:18
(epstopdf)                    size: 32662 bytes
(epstopdf)             Output file: <./Figs/I_sig_tau-eps-converted-to.pdf>
(epstopdf)                    date: 2013-12-16 15:54:30
(epstopdf)                    size: 14611 bytes
(epstopdf)             Command: <repstopdf --outfile=./Figs/I_sig_tau-eps-conve
rted-to.pdf ./Figs/I_sig_tau.eps>
(epstopdf)             \includegraphics on input line 380.
Package epstopdf Info: Output file is already uptodate.

<./Figs/I_sig_tau-eps-converted-to.pdf, id=130, 520.94624pt x 405.515pt>
File: ./Figs/I_sig_tau-eps-converted-to.pdf Graphic file (type pdf)

<use ./Figs/I_sig_tau-eps-converted-to.pdf>
Package pdftex.def Info: ./Figs/I_sig_tau-eps-converted-to.pdf used on input li
ne 380.
(pdftex.def)             Requested size: 246.0pt x 191.48927pt.


LaTeX Warning: Float too large for page by 0.7275pt on input line 397.

[2 <./Figs/nerRingModel-eps-converted-to.pdf>]

LaTeX Warning: A float is stuck (cannot be placed) on input line 460.


LaTeX Warning: A float is stuck (cannot be placed) on input line 460.


Class revtex4 Warning: Deferred float stuck during \clearpage processing.

[3 <./Figs/SMF_RW-eps-converted-to.pdf> <./IvsNu_sigma30-eps-converted-to.pdf> 
<./Figs/I_sig_tau-eps-converted-to.pdf>]
Package epstopdf Info: Source file: <./Figs/PvsV4.eps>
(epstopdf)                    date: 2013-12-16 15:53:32
(epstopdf)                    size: 30011 bytes
(epstopdf)             Output file: <./Figs/PvsV4-eps-converted-to.pdf>
(epstopdf)                    date: 2013-12-16 15:54:31
(epstopdf)                    size: 25452 bytes
(epstopdf)             Command: <repstopdf --outfile=./Figs/PvsV4-eps-converted
-to.pdf ./Figs/PvsV4.eps>
(epstopdf)             \includegraphics on input line 535.
Package epstopdf Info: Output file is already uptodate.

<./Figs/PvsV4-eps-converted-to.pdf, id=219, 544.0325pt x 438.63875pt>
File: ./Figs/PvsV4-eps-converted-to.pdf Graphic file (type pdf)

<use ./Figs/PvsV4-eps-converted-to.pdf>
Package pdftex.def Info: ./Figs/PvsV4-eps-converted-to.pdf used on input line 5
35.
(pdftex.def)             Requested size: 246.0pt x 198.34271pt.

Underfull \hbox (badness 1661) in paragraph at lines 571--577
\OT1/cmr/m/n/10 Hence $\OML/cmm/m/it/10 w[] \OT1/cmr/m/n/10 = \OML/cmm/m/it/10 
w\OT1/cmr/m/n/10 (\OML/cmm/m/it/10 x[]\OT1/cmr/m/n/10 ) [][(1\OML/cmm/m/it/10 =
\OT1/cmr/m/n/10 2)\OMS/cmsy/m/n/10 E\OT1/cmr/m/n/10 (\OML/cmm/m/it/10 x[]\OT1/c
mr/m/n/10 )]$. Ac-cord-ingly
 []

[4 <./Figs/PvsV4-eps-converted-to.pdf>]
Package epstopdf Info: Source file: <./Figs/lin2.eps>
(epstopdf)                    date: 2013-12-16 15:53:44
(epstopdf)                    size: 188215 bytes
(epstopdf)             Output file: <./Figs/lin2-eps-converted-to.pdf>
(epstopdf)                    date: 2013-12-16 15:54:32
(epstopdf)                    size: 504647 bytes
(epstopdf)             Command: <repstopdf --outfile=./Figs/lin2-eps-converted-
to.pdf ./Figs/lin2.eps>
(epstopdf)             \includegraphics on input line 676.
Package epstopdf Info: Output file is already uptodate.

<./Figs/lin2-eps-converted-to.pdf, id=258, 538.01pt x 438.63875pt>
File: ./Figs/lin2-eps-converted-to.pdf Graphic file (type pdf)

<use ./Figs/lin2-eps-converted-to.pdf>
Package pdftex.def Info: ./Figs/lin2-eps-converted-to.pdf used on input line 67
6.
(pdftex.def)             Requested size: 221.3985pt x 180.50566pt.
Package epstopdf Info: Source file: <./Figs/lin1.eps>
(epstopdf)                    date: 2013-12-16 15:53:40
(epstopdf)                    size: 28504 bytes
(epstopdf)             Output file: <./Figs/lin1-eps-converted-to.pdf>
(epstopdf)                    date: 2013-12-16 15:54:32
(epstopdf)                    size: 21788 bytes
(epstopdf)             Command: <repstopdf --outfile=./Figs/lin1-eps-converted-
to.pdf ./Figs/lin1.eps>
(epstopdf)             \includegraphics on input line 678.
Package epstopdf Info: Output file is already uptodate.

<./Figs/lin1-eps-converted-to.pdf, id=259, 495.8525pt x 419.5675pt>
File: ./Figs/lin1-eps-converted-to.pdf Graphic file (type pdf)

<use ./Figs/lin1-eps-converted-to.pdf>
Package pdftex.def Info: ./Figs/lin1-eps-converted-to.pdf used on input line 67
8.
(pdftex.def)             Requested size: 196.80075pt x 166.5244pt.
Package epstopdf Info: Source file: <./Figs/IvsSMF2.eps>
(epstopdf)                    date: 2013-12-16 15:53:22
(epstopdf)                    size: 1762195 bytes
(epstopdf)             Output file: <./Figs/IvsSMF2-eps-converted-to.pdf>
(epstopdf)                    date: 2013-12-16 15:55:20
(epstopdf)                    size: 2784385 bytes
(epstopdf)             Command: <repstopdf --outfile=./Figs/IvsSMF2-eps-convert
ed-to.pdf ./Figs/IvsSMF2.eps>
(epstopdf)             \includegraphics on input line 745.
Package epstopdf Info: Output file is already uptodate.

<./Figs/IvsSMF2-eps-converted-to.pdf, id=261, 541.02126pt x 419.5675pt>
File: ./Figs/IvsSMF2-eps-converted-to.pdf Graphic file (type pdf)

<use ./Figs/IvsSMF2-eps-converted-to.pdf>
Package pdftex.def Info: ./Figs/IvsSMF2-eps-converted-to.pdf used on input line
 745.
(pdftex.def)             Requested size: 196.80075pt x 152.6191pt.
Package epstopdf Info: Source file: <./Figs/BvsLnI.eps>
(epstopdf)                    date: 2013-12-16 15:53:03
(epstopdf)                    size: 50550 bytes
(epstopdf)             Output file: <./Figs/BvsLnI-eps-converted-to.pdf>
(epstopdf)                    date: 2013-12-16 15:55:20
(epstopdf)                    size: 129819 bytes
(epstopdf)             Command: <repstopdf --outfile=./Figs/BvsLnI-eps-converte
d-to.pdf ./Figs/BvsLnI.eps>
(epstopdf)             \includegraphics on input line 750.
Package epstopdf Info: Output file is already uptodate.

<./Figs/BvsLnI-eps-converted-to.pdf, id=262, 544.0325pt x 419.5675pt>
File: ./Figs/BvsLnI-eps-converted-to.pdf Graphic file (type pdf)

<use ./Figs/BvsLnI-eps-converted-to.pdf>
Package pdftex.def Info: ./Figs/BvsLnI-eps-converted-to.pdf used on input line 
750.
(pdftex.def)             Requested size: 196.80075pt x 151.78041pt.
Package epstopdf Info: Source file: <./Figs/PlnI.eps>
(epstopdf)                    date: 2013-12-16 15:53:29
(epstopdf)                    size: 18771 bytes
(epstopdf)             Output file: <./Figs/PlnI-eps-converted-to.pdf>
(epstopdf)                    date: 2013-12-16 15:55:21
(epstopdf)                    size: 13303 bytes
(epstopdf)             Command: <repstopdf --outfile=./Figs/PlnI-eps-converted-
to.pdf ./Figs/PlnI.eps>
(epstopdf)             \includegraphics on input line 767.
Package epstopdf Info: Output file is already uptodate.

<./Figs/PlnI-eps-converted-to.pdf, id=265, 536.0025pt x 419.5675pt>
File: ./Figs/PlnI-eps-converted-to.pdf Graphic file (type pdf)

<use ./Figs/PlnI-eps-converted-to.pdf>
Package pdftex.def Info: ./Figs/PlnI-eps-converted-to.pdf used on input line 76
7.
(pdftex.def)             Requested size: 246.0pt x 192.56165pt.
Package epstopdf Info: Source file: <./Figs/PB_sim.eps>
(epstopdf)                    date: 2013-12-16 15:53:26
(epstopdf)                    size: 22351 bytes
(epstopdf)             Output file: <./Figs/PB_sim-eps-converted-to.pdf>
(epstopdf)                    date: 2013-12-16 15:55:21
(epstopdf)                    size: 13607 bytes
(epstopdf)             Command: <repstopdf --outfile=./Figs/PB_sim-eps-converte
d-to.pdf ./Figs/PB_sim.eps>
(epstopdf)             \includegraphics on input line 793.
Package epstopdf Info: Output file is already uptodate.

<./Figs/PB_sim-eps-converted-to.pdf, id=270, 548.0475pt x 419.5675pt>
File: ./Figs/PB_sim-eps-converted-to.pdf Graphic file (type pdf)

<use ./Figs/PB_sim-eps-converted-to.pdf>
Package pdftex.def Info: ./Figs/PB_sim-eps-converted-to.pdf used on input line 
793.
(pdftex.def)             Requested size: 246.0pt x 188.32986pt.
 [5 <./Figs/lin2-eps-converted-to.pdf> <./Figs/lin1-eps-converted-to.pdf>]

LaTeX Warning: A float is stuck (cannot be placed) on input line 856.


LaTeX Warning: A float is stuck (cannot be placed) on input line 856.


Class revtex4 Warning: Deferred float stuck during \clearpage processing.

[6 <./Figs/IvsSMF2-eps-converted-to.pdf> <./Figs/BvsLnI-eps-converted-to.pdf> <
./Figs/PlnI-eps-converted-to.pdf> <./Figs/PB_sim-eps-converted-to.pdf>]
Underfull \hbox (badness 2293) in paragraph at lines 973--976
 []\OT1/cmr/m/n/9 S.F. Burlatsky, G.S. Os-hanin, A.V. Mogutov, M.
 []

[7] [8]
Package epstopdf Info: Source file: <./Figs/f_K.eps>
(epstopdf)                    date: 2013-12-16 15:53:38
(epstopdf)                    size: 14071 bytes
(epstopdf)             Output file: <./Figs/f_K-eps-converted-to.pdf>
(epstopdf)                    date: 2013-12-16 15:55:22
(epstopdf)                    size: 17632 bytes
(epstopdf)             Command: <repstopdf --outfile=./Figs/f_K-eps-converted-t
o.pdf ./Figs/f_K.eps>
(epstopdf)             \includegraphics on input line 1344.
Package epstopdf Info: Output file is already uptodate.
 <./Figs/f_K-eps-converted-to.pdf, id=385, 547.04375pt x 413.545pt>
File: ./Figs/f_K-eps-converted-to.pdf Graphic file (type pdf)

<use ./Figs/f_K-eps-converted-to.pdf>
Package pdftex.def Info: ./Figs/f_K-eps-converted-to.pdf used on input line 134
4.
(pdftex.def)             Requested size: 199.16928pt x 150.5672pt.
Package epstopdf Info: Source file: <./Figs/MinMax.eps>
(epstopdf)                    date: 2013-12-16 15:53:24
(epstopdf)                    size: 99043 bytes
(epstopdf)             Output file: <./Figs/MinMax-eps-converted-to.pdf>
(epstopdf)                    date: 2013-12-16 15:55:22
(epstopdf)                    size: 269897 bytes
(epstopdf)             Command: <repstopdf --outfile=./Figs/MinMax-eps-converte
d-to.pdf ./Figs/MinMax.eps>
(epstopdf)             \includegraphics on input line 1345.
Package epstopdf Info: Output file is already uptodate.

<./Figs/MinMax-eps-converted-to.pdf, id=386, 541.02126pt x 419.5675pt>
File: ./Figs/MinMax-eps-converted-to.pdf Graphic file (type pdf)

<use ./Figs/MinMax-eps-converted-to.pdf>
Package pdftex.def Info: ./Figs/MinMax-eps-converted-to.pdf used on input line 
1345.
(pdftex.def)             Requested size: 199.16928pt x 154.45648pt.
 [9 <./Figs/f_K-eps-converted-to.pdf> <./Figs/MinMax-eps-converted-to.pdf>]
Package atveryend Info: Empty hook `BeforeClearDocument' on input line 1363.
Package atveryend Info: Empty hook `AfterLastShipout' on input line 1363.
 (./nef_proofs.aux)
Package atveryend Info: Executing hook `AtVeryEndDocument' on input line 1363.
Package atveryend Info: Executing hook `AtEndAfterFileList' on input line 1363.

Package rerunfilecheck Info: File `nef_proofs.out' has not changed.
(rerunfilecheck)             Checksum: AA22EFE968B15067A23926CE9A0D79BA;738.
 ) 
Here is how much of TeX's memory you used:
 8087 strings out of 493488
 113268 string characters out of 3141326
 242572 words of memory out of 3000000
 11125 multiletter control sequences out of 15000+200000
 16046 words of font info for 64 fonts, out of 3000000 for 9000
 957 hyphenation exceptions out of 8191
 42i,22n,29p,981b,353s stack positions out of 5000i,500n,10000p,200000b,50000s
</usr/local/texlive/2012/texmf-dist/fonts/type1/public/amsfonts/cm/cmbx10.pfb
></usr/local/texlive/2012/texmf-dist/fonts/type1/public/amsfonts/cm/cmbx12.pfb>
</usr/local/texlive/2012/texmf-dist/fonts/type1/public/amsfonts/cm/cmbx9.pfb></
usr/local/texlive/2012/texmf-dist/fonts/type1/public/amsfonts/cm/cmex10.pfb></u
sr/local/texlive/2012/texmf-dist/fonts/type1/public/amsfonts/cm/cmmi10.pfb></us
r/local/texlive/2012/texmf-dist/fonts/type1/public/amsfonts/cm/cmmi5.pfb></usr/
local/texlive/2012/texmf-dist/fonts/type1/public/amsfonts/cm/cmmi6.pfb></usr/lo
cal/texlive/2012/texmf-dist/fonts/type1/public/amsfonts/cm/cmmi7.pfb></usr/loca
l/texlive/2012/texmf-dist/fonts/type1/public/amsfonts/cm/cmmi9.pfb></usr/local/
texlive/2012/texmf-dist/fonts/type1/public/amsfonts/cm/cmr10.pfb></usr/local/te
xlive/2012/texmf-dist/fonts/type1/public/amsfonts/cm/cmr6.pfb></usr/local/texli
ve/2012/texmf-dist/fonts/type1/public/amsfonts/cm/cmr7.pfb></usr/local/texlive/
2012/texmf-dist/fonts/type1/public/amsfonts/cm/cmr9.pfb></usr/local/texlive/201
2/texmf-dist/fonts/type1/public/amsfonts/cm/cmsy10.pfb></usr/local/texlive/2012
/texmf-dist/fonts/type1/public/amsfonts/cm/cmsy5.pfb></usr/local/texlive/2012/t
exmf-dist/fonts/type1/public/amsfonts/cm/cmsy7.pfb></usr/local/texlive/2012/tex
mf-dist/fonts/type1/public/amsfonts/cm/cmsy9.pfb></usr/local/texlive/2012/texmf
-dist/fonts/type1/public/amsfonts/cm/cmti10.pfb></usr/local/texlive/2012/texmf-
dist/fonts/type1/public/amsfonts/cm/cmti9.pfb></usr/local/texlive/2012/texmf-di
st/fonts/type1/public/amsfonts/symbols/msam5.pfb></usr/local/texlive/2012/texmf
-dist/fonts/type1/public/amsfonts/symbols/msam7.pfb></usr/local/texlive/2012/te
xmf-dist/fonts/type1/public/wasy/wasy10.pfb>
Output written on nef_proofs.pdf (9 pages, 4101210 bytes).
PDF statistics:
 507 PDF objects out of 1000 (max. 8388607)
 427 compressed objects within 5 object streams
 115 named destinations out of 1000 (max. 500000)
 162 words of extra memory for PDF output out of 10000 (max. 10000000)

